# JRE version: Java(TM) SE Runtime Environment (8.0_144-b01) (build 1.8.0_144-b01)
# Java VM: Java HotSpot(TM) 64-Bit Server VM (25.144-b01 mixed mode bsd-amd64 compressed oops)
Heap:
 PSYoungGen      total 72704K, used 27331K [0x000000076ab00000, 0x0000000770f00000, 0x00000007c0000000)
  eden space 61440K, 26% used [0x000000076ab00000,0x000000076badcd38,0x000000076e700000)
  from space 11264K, 98% used [0x000000076e800000,0x000000076f2d4030,0x000000076f300000)
  to   space 20480K, 0% used [0x000000076fb00000,0x000000076fb00000,0x0000000770f00000)
 ParOldGen       total 175104K, used 41644K [0x00000006c0000000, 0x00000006cab00000, 0x000000076ab00000)
  object space 175104K, 23% used [0x00000006c0000000,0x00000006c28ab3e0,0x00000006cab00000)
 Metaspace       used 18683K, capacity 19416K, committed 19712K, reserved 1067008K
  class space    used 2498K, capacity 2705K, committed 2816K, reserved 1048576K
GC Heap History (10 events):
Event: 11.920 GC heap before
{Heap before GC invocations=3 (full 0):
 PSYoungGen      total 76288K, used 75441K [0x000000076ab00000, 0x0000000770000000, 0x00000007c0000000)
  eden space 65536K, 98% used [0x000000076ab00000,0x000000076ea406c8,0x000000076eb00000)
  from space 10752K, 99% used [0x000000076f580000,0x000000076ffec070,0x0000000770000000)
  to   space 10752K, 0% used [0x000000076eb00000,0x000000076eb00000,0x000000076f580000)
 ParOldGen       total 175104K, used 17404K [0x00000006c0000000, 0x00000006cab00000, 0x000000076ab00000)
  object space 175104K, 9% used [0x00000006c0000000,0x00000006c10ff000,0x00000006cab00000)
 Metaspace       used 18333K, capacity 19058K, committed 19328K, reserved 1067008K
  class space    used 2472K, capacity 2660K, committed 2688K, reserved 1048576K
Event: 11.926 GC heap after
Heap after GC invocations=3 (full 0):
 PSYoungGen      total 76288K, used 10704K [0x000000076ab00000, 0x0000000770000000, 0x00000007c0000000)
  eden space 65536K, 0% used [0x000000076ab00000,0x000000076ab00000,0x000000076eb00000)
  from space 10752K, 99% used [0x000000076eb00000,0x000000076f574050,0x000000076f580000)
  to   space 10752K, 0% used [0x000000076f580000,0x000000076f580000,0x0000000770000000)
 ParOldGen       total 175104K, used 25636K [0x00000006c0000000, 0x00000006cab00000, 0x000000076ab00000)
  object space 175104K, 14% used [0x00000006c0000000,0x00000006c1909030,0x00000006cab00000)
 Metaspace       used 18333K, capacity 19058K, committed 19328K, reserved 1067008K
  class space    used 2472K, capacity 2660K, committed 2688K, reserved 1048576K
}
Event: 13.190 GC heap before
{Heap before GC invocations=4 (full 0):
 PSYoungGen      total 76288K, used 76240K [0x000000076ab00000, 0x0000000770000000, 0x00000007c0000000)
  eden space 65536K, 100% used [0x000000076ab00000,0x000000076eb00000,0x000000076eb00000)
  from space 10752K, 99% used [0x000000076eb00000,0x000000076f574050,0x000000076f580000)
  to   space 10752K, 0% used [0x000000076f580000,0x000000076f580000,0x0000000770000000)
 ParOldGen       total 175104K, used 25636K [0x00000006c0000000, 0x00000006cab00000, 0x000000076ab00000)
  object space 175104K, 14% used [0x00000006c0000000,0x00000006c1909030,0x00000006cab00000)
 Metaspace       used 18377K, capacity 19066K, committed 19328K, reserved 1067008K
  class space    used 2472K, capacity 2660K, committed 2688K, reserved 1048576K
Event: 13.195 GC heap after
Heap after GC invocations=4 (full 0):
 PSYoungGen      total 76288K, used 10736K [0x000000076ab00000, 0x0000000770000000, 0x00000007c0000000)
  eden space 65536K, 0% used [0x000000076ab00000,0x000000076ab00000,0x000000076eb00000)
  from space 10752K, 99% used [0x000000076f580000,0x000000076fffc050,0x0000000770000000)
  to   space 10752K, 0% used [0x000000076eb00000,0x000000076eb00000,0x000000076f580000)
 ParOldGen       total 175104K, used 31944K [0x00000006c0000000, 0x00000006cab00000, 0x000000076ab00000)
  object space 175104K, 18% used [0x00000006c0000000,0x00000006c1f32050,0x00000006cab00000)
 Metaspace       used 18377K, capacity 19066K, committed 19328K, reserved 1067008K
  class space    used 2472K, capacity 2660K, committed 2688K, reserved 1048576K
}
Event: 14.439 GC heap before
{Heap before GC invocations=5 (full 0):
 PSYoungGen      total 76288K, used 73931K [0x000000076ab00000, 0x0000000770000000, 0x00000007c0000000)
  eden space 65536K, 96% used [0x000000076ab00000,0x000000076e8b6e90,0x000000076eb00000)
  from space 10752K, 99% used [0x000000076f580000,0x000000076fffc050,0x0000000770000000)
  to   space 10752K, 0% used [0x000000076eb00000,0x000000076eb00000,0x000000076f580000)
 ParOldGen       total 175104K, used 31944K [0x00000006c0000000, 0x00000006cab00000, 0x000000076ab00000)
  object space 175104K, 18% used [0x00000006c0000000,0x00000006c1f32050,0x00000006cab00000)
 Metaspace       used 18404K, capacity 19066K, committed 19328K, reserved 1067008K
  class space    used 2472K, capacity 2660K, committed 2688K, reserved 1048576K
Event: 14.444 GC heap after
Heap after GC invocations=5 (full 0):
 PSYoungGen      total 74752K, used 10720K [0x000000076ab00000, 0x0000000771080000, 0x00000007c0000000)
  eden space 64000K, 0% used [0x000000076ab00000,0x000000076ab00000,0x000000076e980000)
  from space 10752K, 99% used [0x000000076eb00000,0x000000076f578040,0x000000076f580000)
  to   space 19968K, 0% used [0x000000076fd00000,0x000000076fd00000,0x0000000771080000)
 ParOldGen       total 175104K, used 38252K [0x00000006c0000000, 0x00000006cab00000, 0x000000076ab00000)
  object space 175104K, 21% used [0x00000006c0000000,0x00000006c255b070,0x00000006cab00000)
 Metaspace       used 18404K, capacity 19066K, committed 19328K, reserved 1067008K
  class space    used 2472K, capacity 2660K, committed 2688K, reserved 1048576K
}
Event: 15.735 GC heap before
{Heap before GC invocations=6 (full 0):
 PSYoungGen      total 74752K, used 73641K [0x000000076ab00000, 0x0000000771080000, 0x00000007c0000000)
  eden space 64000K, 98% used [0x000000076ab00000,0x000000076e872690,0x000000076e980000)
  from space 10752K, 99% used [0x000000076eb00000,0x000000076f578040,0x000000076f580000)
  to   space 19968K, 0% used [0x000000076fd00000,0x000000076fd00000,0x0000000771080000)
 ParOldGen       total 175104K, used 38252K [0x00000006c0000000, 0x00000006cab00000, 0x000000076ab00000)
  object space 175104K, 21% used [0x00000006c0000000,0x00000006c255b070,0x00000006cab00000)
 Metaspace       used 18410K, capacity 19130K, committed 19328K, reserved 1067008K
  class space    used 2472K, capacity 2660K, committed 2688K, reserved 1048576K
Event: 15.742 GC heap after
Heap after GC invocations=6 (full 0):
 PSYoungGen      total 82432K, used 17036K [0x000000076ab00000, 0x0000000771200000, 0x00000007c0000000)
  eden space 62464K, 0% used [0x000000076ab00000,0x000000076ab00000,0x000000076e800000)
  from space 19968K, 85% used [0x000000076fd00000,0x0000000770da3090,0x0000000771080000)
  to   space 21504K, 0% used [0x000000076e800000,0x000000076e800000,0x000000076fd00000)
 ParOldGen       total 175104K, used 38252K [0x00000006c0000000, 0x00000006cab00000, 0x000000076ab00000)
  object space 175104K, 21% used [0x00000006c0000000,0x00000006c255b070,0x00000006cab00000)
 Metaspace       used 18410K, capacity 19130K, committed 19328K, reserved 1067008K
  class space    used 2472K, capacity 2660K, committed 2688K, reserved 1048576K
}
Event: 16.997 GC heap before
{Heap before GC invocations=7 (full 0):
 PSYoungGen      total 82432K, used 77268K [0x000000076ab00000, 0x0000000771200000, 0x00000007c0000000)
  eden space 62464K, 96% used [0x000000076ab00000,0x000000076e5d21e8,0x000000076e800000)
  from space 19968K, 85% used [0x000000076fd00000,0x0000000770da3090,0x0000000771080000)
  to   space 21504K, 0% used [0x000000076e800000,0x000000076e800000,0x000000076fd00000)
 ParOldGen       total 175104K, used 38252K [0x00000006c0000000, 0x00000006cab00000, 0x000000076ab00000)
  object space 175104K, 21% used [0x00000006c0000000,0x00000006c255b070,0x00000006cab00000)
 Metaspace       used 18449K, capacity 19130K, committed 19328K, reserved 1067008K
  class space    used 2472K, capacity 2660K, committed 2688K, reserved 1048576K
Event: 17.002 GC heap after
Heap after GC invocations=7 (full 0):
 PSYoungGen      total 72704K, used 11088K [0x000000076ab00000, 0x0000000770f00000, 0x00000007c0000000)
  eden space 61440K, 0% used [0x000000076ab00000,0x000000076ab00000,0x000000076e700000)
  from space 11264K, 98% used [0x000000076e800000,0x000000076f2d4030,0x000000076f300000)
  to   space 20480K, 0% used [0x000000076fb00000,0x000000076fb00000,0x0000000770f00000)
 ParOldGen       total 175104K, used 41644K [0x00000006c0000000, 0x00000006cab00000, 0x000000076ab00000)
  object space 175104K, 23% used [0x00000006c0000000,0x00000006c28ab3e0,0x00000006cab00000)
 Metaspace       used 18449K, capacity 19130K, committed 19328K, reserved 1067008K
  class space    used 2472K, capacity 2660K, committed 2688K, reserved 1048576K
}

