# JRE version: Java(TM) SE Runtime Environment (8.0_144-b01) (build 1.8.0_144-b01)
# Java VM: Java HotSpot(TM) 64-Bit Server VM (25.144-b01 mixed mode bsd-amd64 compressed oops)
Heap:
 PSYoungGen      total 1372672K, used 914944K [0x000000076ab00000, 0x00000007c0000000, 0x00000007c0000000)
  eden space 1347072K, 67% used [0x000000076ab00000,0x00000007a28801b8,0x00000007bce80000)
  from space 25600K, 0% used [0x00000007be700000,0x00000007be700000,0x00000007c0000000)
  to   space 25088K, 0% used [0x00000007bce80000,0x00000007bce80000,0x00000007be700000)
 ParOldGen       total 175104K, used 18628K [0x00000006c0000000, 0x00000006cab00000, 0x000000076ab00000)
  object space 175104K, 10% used [0x00000006c0000000,0x00000006c1231330,0x00000006cab00000)
 Metaspace       used 18983K, capacity 19682K, committed 19840K, reserved 1067008K
  class space    used 2462K, capacity 2662K, committed 2688K, reserved 1048576K
GC Heap History (10 events):
Event: 13.568 GC heap before
{Heap before GC invocations=12 (full 0):
 PSYoungGen      total 853504K, used 119445K [0x000000076ab00000, 0x00000007beb00000, 0x00000007c0000000)
  eden space 832512K, 12% used [0x000000076ab00000,0x0000000770dc9550,0x000000079d800000)
  from space 20992K, 87% used [0x000000079d800000,0x000000079e9dc050,0x000000079ec80000)
  to   space 22016K, 0% used [0x00000007bd580000,0x00000007bd580000,0x00000007beb00000)
 ParOldGen       total 175104K, used 100234K [0x00000006c0000000, 0x00000006cab00000, 0x000000076ab00000)
  object space 175104K, 57% used [0x00000006c0000000,0x00000006c61e28b8,0x00000006cab00000)
 Metaspace       used 18756K, capacity 19438K, committed 19584K, reserved 1067008K
  class space    used 2455K, capacity 2650K, committed 2688K, reserved 1048576K
Event: 13.577 GC heap after
Heap after GC invocations=12 (full 0):
 PSYoungGen      total 1352192K, used 21888K [0x000000076ab00000, 0x00000007bef00000, 0x00000007c0000000)
  eden space 1330176K, 0% used [0x000000076ab00000,0x000000076ab00000,0x00000007bbe00000)
  from space 22016K, 99% used [0x00000007bd580000,0x00000007beae0060,0x00000007beb00000)
  to   space 24064K, 0% used [0x00000007bbe00000,0x00000007bbe00000,0x00000007bd580000)
 ParOldGen       total 175104K, used 114698K [0x00000006c0000000, 0x00000006cab00000, 0x000000076ab00000)
  object space 175104K, 65% used [0x00000006c0000000,0x00000006c70028f8,0x00000006cab00000)
 Metaspace       used 18756K, capacity 19438K, committed 19584K, reserved 1067008K
  class space    used 2455K, capacity 2650K, committed 2688K, reserved 1048576K
}
Event: 13.577 GC heap before
{Heap before GC invocations=13 (full 1):
 PSYoungGen      total 1352192K, used 21888K [0x000000076ab00000, 0x00000007bef00000, 0x00000007c0000000)
  eden space 1330176K, 0% used [0x000000076ab00000,0x000000076ab00000,0x00000007bbe00000)
  from space 22016K, 99% used [0x00000007bd580000,0x00000007beae0060,0x00000007beb00000)
  to   space 24064K, 0% used [0x00000007bbe00000,0x00000007bbe00000,0x00000007bd580000)
 ParOldGen       total 175104K, used 114698K [0x00000006c0000000, 0x00000006cab00000, 0x000000076ab00000)
  object space 175104K, 65% used [0x00000006c0000000,0x00000006c70028f8,0x00000006cab00000)
 Metaspace       used 18756K, capacity 19438K, committed 19584K, reserved 1067008K
  class space    used 2455K, capacity 2650K, committed 2688K, reserved 1048576K
Event: 13.598 GC heap after
Heap after GC invocations=13 (full 1):
 PSYoungGen      total 1352192K, used 0K [0x000000076ab00000, 0x00000007bef00000, 0x00000007c0000000)
  eden space 1330176K, 0% used [0x000000076ab00000,0x000000076ab00000,0x00000007bbe00000)
  from space 22016K, 0% used [0x00000007bd580000,0x00000007bd580000,0x00000007beb00000)
  to   space 24064K, 0% used [0x00000007bbe00000,0x00000007bbe00000,0x00000007bd580000)
 ParOldGen       total 175104K, used 25820K [0x00000006c0000000, 0x00000006cab00000, 0x000000076ab00000)
  object space 175104K, 14% used [0x00000006c0000000,0x00000006c19370b0,0x00000006cab00000)
 Metaspace       used 18756K, capacity 19438K, committed 19584K, reserved 1067008K
  class space    used 2455K, capacity 2650K, committed 2688K, reserved 1048576K
}
Event: 17.166 GC heap before
{Heap before GC invocations=14 (full 1):
 PSYoungGen      total 1352192K, used 1329004K [0x000000076ab00000, 0x00000007bef00000, 0x00000007c0000000)
  eden space 1330176K, 99% used [0x000000076ab00000,0x00000007bbcdb3b0,0x00000007bbe00000)
  from space 22016K, 0% used [0x00000007bd580000,0x00000007bd580000,0x00000007beb00000)
  to   space 24064K, 0% used [0x00000007bbe00000,0x00000007bbe00000,0x00000007bd580000)
 ParOldGen       total 175104K, used 25820K [0x00000006c0000000, 0x00000006cab00000, 0x000000076ab00000)
  object space 175104K, 14% used [0x00000006c0000000,0x00000006c19370b0,0x00000006cab00000)
 Metaspace       used 18875K, capacity 19632K, committed 19840K, reserved 1067008K
  class space    used 2455K, capacity 2651K, committed 2688K, reserved 1048576K
Event: 17.173 GC heap after
Heap after GC invocations=14 (full 1):
 PSYoungGen      total 1354240K, used 21020K [0x000000076ab00000, 0x00000007c0000000, 0x00000007c0000000)
  eden space 1330176K, 0% used [0x000000076ab00000,0x000000076ab00000,0x00000007bbe00000)
  from space 24064K, 87% used [0x00000007bbe00000,0x00000007bd287060,0x00000007bd580000)
  to   space 25600K, 0% used [0x00000007be700000,0x00000007be700000,0x00000007c0000000)
 ParOldGen       total 175104K, used 25828K [0x00000006c0000000, 0x00000006cab00000, 0x000000076ab00000)
  object space 175104K, 14% used [0x00000006c0000000,0x00000006c19390b0,0x00000006cab00000)
 Metaspace       used 18875K, capacity 19632K, committed 19840K, reserved 1067008K
  class space    used 2455K, capacity 2651K, committed 2688K, reserved 1048576K
}
Event: 17.485 GC heap before
{Heap before GC invocations=15 (full 1):
 PSYoungGen      total 1354240K, used 159388K [0x000000076ab00000, 0x00000007c0000000, 0x00000007c0000000)
  eden space 1330176K, 10% used [0x000000076ab00000,0x0000000773220158,0x00000007bbe00000)
  from space 24064K, 87% used [0x00000007bbe00000,0x00000007bd287060,0x00000007bd580000)
  to   space 25600K, 0% used [0x00000007be700000,0x00000007be700000,0x00000007c0000000)
 ParOldGen       total 175104K, used 25828K [0x00000006c0000000, 0x00000006cab00000, 0x000000076ab00000)
  object space 175104K, 14% used [0x00000006c0000000,0x00000006c19390b0,0x00000006cab00000)
 Metaspace       used 18876K, capacity 19632K, committed 19840K, reserved 1067008K
  class space    used 2455K, capacity 2651K, committed 2688K, reserved 1048576K
Event: 17.490 GC heap after
Heap after GC invocations=15 (full 1):
 PSYoungGen      total 1372672K, used 11088K [0x000000076ab00000, 0x00000007c0000000, 0x00000007c0000000)
  eden space 1347072K, 0% used [0x000000076ab00000,0x000000076ab00000,0x00000007bce80000)
  from space 25600K, 43% used [0x00000007be700000,0x00000007bf1d4030,0x00000007c0000000)
  to   space 25088K, 0% used [0x00000007bce80000,0x00000007bce80000,0x00000007be700000)
 ParOldGen       total 175104K, used 36700K [0x00000006c0000000, 0x00000006cab00000, 0x000000076ab00000)
  object space 175104K, 20% used [0x00000006c0000000,0x00000006c23d70e0,0x00000006cab00000)
 Metaspace       used 18876K, capacity 19632K, committed 19840K, reserved 1067008K
  class space    used 2455K, capacity 2651K, committed 2688K, reserved 1048576K
}
Event: 17.490 GC heap before
{Heap before GC invocations=16 (full 2):
 PSYoungGen      total 1372672K, used 11088K [0x000000076ab00000, 0x00000007c0000000, 0x00000007c0000000)
  eden space 1347072K, 0% used [0x000000076ab00000,0x000000076ab00000,0x00000007bce80000)
  from space 25600K, 43% used [0x00000007be700000,0x00000007bf1d4030,0x00000007c0000000)
  to   space 25088K, 0% used [0x00000007bce80000,0x00000007bce80000,0x00000007be700000)
 ParOldGen       total 175104K, used 36700K [0x00000006c0000000, 0x00000006cab00000, 0x000000076ab00000)
  object space 175104K, 20% used [0x00000006c0000000,0x00000006c23d70e0,0x00000006cab00000)
 Metaspace       used 18876K, capacity 19632K, committed 19840K, reserved 1067008K
  class space    used 2455K, capacity 2651K, committed 2688K, reserved 1048576K
Event: 17.516 GC heap after
Heap after GC invocations=16 (full 2):
 PSYoungGen      total 1372672K, used 0K [0x000000076ab00000, 0x00000007c0000000, 0x00000007c0000000)
  eden space 1347072K, 0% used [0x000000076ab00000,0x000000076ab00000,0x00000007bce80000)
  from space 25600K, 0% used [0x00000007be700000,0x00000007be700000,0x00000007c0000000)
  to   space 25088K, 0% used [0x00000007bce80000,0x00000007bce80000,0x00000007be700000)
 ParOldGen       total 175104K, used 18628K [0x00000006c0000000, 0x00000006cab00000, 0x000000076ab00000)
  object space 175104K, 10% used [0x00000006c0000000,0x00000006c1231330,0x00000006cab00000)
 Metaspace       used 18876K, capacity 19632K, committed 19840K, reserved 1067008K
  class space    used 2455K, capacity 2651K, committed 2688K, reserved 1048576K
}

