# JRE version: Java(TM) SE Runtime Environment (9.0+181) (build 9+181)
# Java VM: Java HotSpot(TM) 64-Bit Server VM (9+181, mixed mode, tiered, compressed oops, g1 gc, bsd-amd64)
Heap:
 garbage-first heap   total 262144K, used 91697K [0x00000006c0000000, 0x00000006c0100800, 0x00000007c0000000)
  region size 1024K, 4 young (4096K), 1 survivors (1024K)
 Metaspace       used 23112K, capacity 24710K, committed 24832K, reserved 1071104K
  class space    used 2694K, capacity 3011K, committed 3072K, reserved 1048576K
GC Heap History (10 events):
Event: 45.049 GC heap before
{Heap before GC invocations=174 (full 0):
 garbage-first heap   total 262144K, used 116249K [0x00000006c0000000, 0x00000006c0100800, 0x00000007c0000000)
  region size 1024K, 4 young (4096K), 1 survivors (1024K)
 Metaspace       used 23098K, capacity 24710K, committed 24832K, reserved 1071104K
  class space    used 2694K, capacity 3011K, committed 3072K, reserved 1048576K
}
Event: 45.050 GC heap after
{Heap after GC invocations=175 (full 0):
 garbage-first heap   total 262144K, used 52759K [0x00000006c0000000, 0x00000006c0100800, 0x00000007c0000000)
  region size 1024K, 1 young (1024K), 1 survivors (1024K)
 Metaspace       used 23098K, capacity 24710K, committed 24832K, reserved 1071104K
  class space    used 2694K, capacity 3011K, committed 3072K, reserved 1048576K
}
Event: 45.181 GC heap before
{Heap before GC invocations=176 (full 0):
 garbage-first heap   total 262144K, used 116247K [0x00000006c0000000, 0x00000006c0100800, 0x00000007c0000000)
  region size 1024K, 4 young (4096K), 1 survivors (1024K)
 Metaspace       used 23101K, capacity 24710K, committed 24832K, reserved 1071104K
  class space    used 2694K, capacity 3011K, committed 3072K, reserved 1048576K
}
Event: 45.181 GC heap after
{Heap after GC invocations=177 (full 0):
 garbage-first heap   total 262144K, used 52759K [0x00000006c0000000, 0x00000006c0100800, 0x00000007c0000000)
  region size 1024K, 1 young (1024K), 1 survivors (1024K)
 Metaspace       used 23101K, capacity 24710K, committed 24832K, reserved 1071104K
  class space    used 2694K, capacity 3011K, committed 3072K, reserved 1048576K
}
Event: 45.948 GC heap before
{Heap before GC invocations=178 (full 0):
 garbage-first heap   total 262144K, used 116247K [0x00000006c0000000, 0x00000006c0100800, 0x00000007c0000000)
  region size 1024K, 4 young (4096K), 1 survivors (1024K)
 Metaspace       used 23112K, capacity 24710K, committed 24832K, reserved 1071104K
  class space    used 2694K, capacity 3011K, committed 3072K, reserved 1048576K
}
Event: 45.949 GC heap after
{Heap after GC invocations=179 (full 0):
 garbage-first heap   total 262144K, used 52776K [0x00000006c0000000, 0x00000006c0100800, 0x00000007c0000000)
  region size 1024K, 1 young (1024K), 1 survivors (1024K)
 Metaspace       used 23112K, capacity 24710K, committed 24832K, reserved 1071104K
  class space    used 2694K, capacity 3011K, committed 3072K, reserved 1048576K
}
Event: 46.079 GC heap before
{Heap before GC invocations=180 (full 0):
 garbage-first heap   total 262144K, used 115240K [0x00000006c0000000, 0x00000006c0100800, 0x00000007c0000000)
  region size 1024K, 3 young (3072K), 1 survivors (1024K)
 Metaspace       used 23112K, capacity 24710K, committed 24832K, reserved 1071104K
  class space    used 2694K, capacity 3011K, committed 3072K, reserved 1048576K
}
Event: 46.080 GC heap after
{Heap after GC invocations=181 (full 0):
 garbage-first heap   total 262144K, used 52774K [0x00000006c0000000, 0x00000006c0100800, 0x00000007c0000000)
  region size 1024K, 1 young (1024K), 1 survivors (1024K)
 Metaspace       used 23112K, capacity 24710K, committed 24832K, reserved 1071104K
  class space    used 2694K, capacity 3011K, committed 3072K, reserved 1048576K
}
Event: 46.212 GC heap before
{Heap before GC invocations=182 (full 0):
 garbage-first heap   total 262144K, used 116262K [0x00000006c0000000, 0x00000006c0100800, 0x00000007c0000000)
  region size 1024K, 4 young (4096K), 1 survivors (1024K)
 Metaspace       used 23112K, capacity 24710K, committed 24832K, reserved 1071104K
  class space    used 2694K, capacity 3011K, committed 3072K, reserved 1048576K
}
Event: 46.213 GC heap after
{Heap after GC invocations=183 (full 0):
 garbage-first heap   total 262144K, used 52785K [0x00000006c0000000, 0x00000006c0100800, 0x00000007c0000000)
  region size 1024K, 1 young (1024K), 1 survivors (1024K)
 Metaspace       used 23112K, capacity 24710K, committed 24832K, reserved 1071104K
  class space    used 2694K, capacity 3011K, committed 3072K, reserved 1048576K
}

