# JRE version: Java(TM) SE Runtime Environment (8.0_144-b01) (build 1.8.0_144-b01)
# Java VM: Java HotSpot(TM) 64-Bit Server VM (25.144-b01 mixed mode bsd-amd64 compressed oops)
Heap:
 PSYoungGen      total 698368K, used 577156K [0x000000076ab00000, 0x000000079c300000, 0x00000007c0000000)
  eden space 637952K, 81% used [0x000000076ab00000,0x000000078a6fa338,0x0000000791a00000)
  from space 60416K, 94% used [0x0000000791a00000,0x00000007951a7070,0x0000000795500000)
  to   space 66560K, 0% used [0x0000000798200000,0x0000000798200000,0x000000079c300000)
 ParOldGen       total 244224K, used 40336K [0x00000006c0000000, 0x00000006cee80000, 0x000000076ab00000)
  object space 244224K, 16% used [0x00000006c0000000,0x00000006c27642f8,0x00000006cee80000)
 Metaspace       used 18975K, capacity 19690K, committed 19840K, reserved 1067008K
  class space    used 2461K, capacity 2650K, committed 2688K, reserved 1048576K
GC Heap History (10 events):
Event: 16.355 GC heap before
{Heap before GC invocations=22 (full 3):
 PSYoungGen      total 619008K, used 580626K [0x000000076ab00000, 0x0000000795380000, 0x00000007c0000000)
  eden space 555520K, 99% used [0x000000076ab00000,0x000000078c8076f0,0x000000078c980000)
  from space 63488K, 41% used [0x0000000791580000,0x0000000792f7d440,0x0000000795380000)
  to   space 70656K, 0% used [0x000000078c980000,0x000000078c980000,0x0000000790e80000)
 ParOldGen       total 244224K, used 40264K [0x00000006c0000000, 0x00000006cee80000, 0x000000076ab00000)
  object space 244224K, 16% used [0x00000006c0000000,0x00000006c27522f8,0x00000006cee80000)
 Metaspace       used 18846K, capacity 19498K, committed 19584K, reserved 1067008K
  class space    used 2461K, capacity 2650K, committed 2688K, reserved 1048576K
Event: 16.362 GC heap after
Heap after GC invocations=22 (full 3):
 PSYoungGen      total 626176K, used 30663K [0x000000076ab00000, 0x0000000797b00000, 0x00000007c0000000)
  eden space 555520K, 0% used [0x000000076ab00000,0x000000076ab00000,0x000000078c980000)
  from space 70656K, 43% used [0x000000078c980000,0x000000078e771c60,0x0000000790e80000)
  to   space 68096K, 0% used [0x0000000793880000,0x0000000793880000,0x0000000797b00000)
 ParOldGen       total 244224K, used 40272K [0x00000006c0000000, 0x00000006cee80000, 0x000000076ab00000)
  object space 244224K, 16% used [0x00000006c0000000,0x00000006c27542f8,0x00000006cee80000)
 Metaspace       used 18846K, capacity 19498K, committed 19584K, reserved 1067008K
  class space    used 2461K, capacity 2650K, committed 2688K, reserved 1048576K
}
Event: 17.285 GC heap before
{Heap before GC invocations=23 (full 3):
 PSYoungGen      total 626176K, used 582571K [0x000000076ab00000, 0x0000000797b00000, 0x00000007c0000000)
  eden space 555520K, 99% used [0x000000076ab00000,0x000000078c5f90d0,0x000000078c980000)
  from space 70656K, 43% used [0x000000078c980000,0x000000078e771c60,0x0000000790e80000)
  to   space 68096K, 0% used [0x0000000793880000,0x0000000793880000,0x0000000797b00000)
 ParOldGen       total 244224K, used 40272K [0x00000006c0000000, 0x00000006cee80000, 0x000000076ab00000)
  object space 244224K, 16% used [0x00000006c0000000,0x00000006c27542f8,0x00000006cee80000)
 Metaspace       used 18846K, capacity 19498K, committed 19584K, reserved 1067008K
  class space    used 2461K, capacity 2650K, committed 2688K, reserved 1048576K
Event: 17.294 GC heap after
Heap after GC invocations=23 (full 3):
 PSYoungGen      total 658944K, used 30663K [0x000000076ab00000, 0x0000000797380000, 0x00000007c0000000)
  eden space 598528K, 0% used [0x000000076ab00000,0x000000076ab00000,0x000000078f380000)
  from space 60416K, 50% used [0x0000000793880000,0x0000000795671c60,0x0000000797380000)
  to   space 65536K, 0% used [0x000000078f380000,0x000000078f380000,0x0000000793380000)
 ParOldGen       total 244224K, used 40280K [0x00000006c0000000, 0x00000006cee80000, 0x000000076ab00000)
  object space 244224K, 16% used [0x00000006c0000000,0x00000006c27562f8,0x00000006cee80000)
 Metaspace       used 18846K, capacity 19498K, committed 19584K, reserved 1067008K
  class space    used 2461K, capacity 2650K, committed 2688K, reserved 1048576K
}
Event: 18.230 GC heap before
{Heap before GC invocations=24 (full 3):
 PSYoungGen      total 658944K, used 625944K [0x000000076ab00000, 0x0000000797380000, 0x00000007c0000000)
  eden space 598528K, 99% used [0x000000076ab00000,0x000000078f054628,0x000000078f380000)
  from space 60416K, 50% used [0x0000000793880000,0x0000000795671c60,0x0000000797380000)
  to   space 65536K, 0% used [0x000000078f380000,0x000000078f380000,0x0000000793380000)
 ParOldGen       total 244224K, used 40280K [0x00000006c0000000, 0x00000006cee80000, 0x000000076ab00000)
  object space 244224K, 16% used [0x00000006c0000000,0x00000006c27562f8,0x00000006cee80000)
 Metaspace       used 18863K, capacity 19562K, committed 19840K, reserved 1067008K
  class space    used 2461K, capacity 2650K, committed 2688K, reserved 1048576K
Event: 18.234 GC heap after
Heap after GC invocations=24 (full 3):
 PSYoungGen      total 664064K, used 30663K [0x000000076ab00000, 0x0000000799680000, 0x00000007c0000000)
  eden space 598528K, 0% used [0x000000076ab00000,0x000000076ab00000,0x000000078f380000)
  from space 65536K, 46% used [0x000000078f380000,0x0000000791171c40,0x0000000793380000)
  to   space 63488K, 0% used [0x0000000795880000,0x0000000795880000,0x0000000799680000)
 ParOldGen       total 244224K, used 40288K [0x00000006c0000000, 0x00000006cee80000, 0x000000076ab00000)
  object space 244224K, 16% used [0x00000006c0000000,0x00000006c27582f8,0x00000006cee80000)
 Metaspace       used 18863K, capacity 19562K, committed 19840K, reserved 1067008K
  class space    used 2461K, capacity 2650K, committed 2688K, reserved 1048576K
}
Event: 19.208 GC heap before
{Heap before GC invocations=25 (full 3):
 PSYoungGen      total 664064K, used 627941K [0x000000076ab00000, 0x0000000799680000, 0x00000007c0000000)
  eden space 598528K, 99% used [0x000000076ab00000,0x000000078f247b68,0x000000078f380000)
  from space 65536K, 46% used [0x000000078f380000,0x0000000791171c40,0x0000000793380000)
  to   space 63488K, 0% used [0x0000000795880000,0x0000000795880000,0x0000000799680000)
 ParOldGen       total 244224K, used 40288K [0x00000006c0000000, 0x00000006cee80000, 0x000000076ab00000)
  object space 244224K, 16% used [0x00000006c0000000,0x00000006c27582f8,0x00000006cee80000)
 Metaspace       used 18893K, capacity 19626K, committed 19840K, reserved 1067008K
  class space    used 2461K, capacity 2650K, committed 2688K, reserved 1048576K
Event: 19.219 GC heap after
Heap after GC invocations=25 (full 3):
 PSYoungGen      total 694784K, used 34713K [0x000000076ab00000, 0x0000000799000000, 0x00000007c0000000)
  eden space 637952K, 0% used [0x000000076ab00000,0x000000076ab00000,0x0000000791a00000)
  from space 56832K, 61% used [0x0000000795880000,0x0000000797a66450,0x0000000799000000)
  to   space 60416K, 0% used [0x0000000791a00000,0x0000000791a00000,0x0000000795500000)
 ParOldGen       total 244224K, used 40296K [0x00000006c0000000, 0x00000006cee80000, 0x000000076ab00000)
  object space 244224K, 16% used [0x00000006c0000000,0x00000006c275a2f8,0x00000006cee80000)
 Metaspace       used 18893K, capacity 19626K, committed 19840K, reserved 1067008K
  class space    used 2461K, capacity 2650K, committed 2688K, reserved 1048576K
}
Event: 20.206 GC heap before
{Heap before GC invocations=26 (full 3):
 PSYoungGen      total 694784K, used 665164K [0x000000076ab00000, 0x0000000799000000, 0x00000007c0000000)
  eden space 637952K, 98% used [0x000000076ab00000,0x00000007912acdc8,0x0000000791a00000)
  from space 56832K, 61% used [0x0000000795880000,0x0000000797a66450,0x0000000799000000)
  to   space 60416K, 0% used [0x0000000791a00000,0x0000000791a00000,0x0000000795500000)
 ParOldGen       total 244224K, used 40296K [0x00000006c0000000, 0x00000006cee80000, 0x000000076ab00000)
  object space 244224K, 16% used [0x00000006c0000000,0x00000006c275a2f8,0x00000006cee80000)
 Metaspace       used 18897K, capacity 19626K, committed 19840K, reserved 1067008K
  class space    used 2461K, capacity 2650K, committed 2688K, reserved 1048576K
Event: 20.214 GC heap after
Heap after GC invocations=26 (full 3):
 PSYoungGen      total 698368K, used 56988K [0x000000076ab00000, 0x000000079c300000, 0x00000007c0000000)
  eden space 637952K, 0% used [0x000000076ab00000,0x000000076ab00000,0x0000000791a00000)
  from space 60416K, 94% used [0x0000000791a00000,0x00000007951a7070,0x0000000795500000)
  to   space 66560K, 0% used [0x0000000798200000,0x0000000798200000,0x000000079c300000)
 ParOldGen       total 244224K, used 40336K [0x00000006c0000000, 0x00000006cee80000, 0x000000076ab00000)
  object space 244224K, 16% used [0x00000006c0000000,0x00000006c27642f8,0x00000006cee80000)
 Metaspace       used 18897K, capacity 19626K, committed 19840K, reserved 1067008K
  class space    used 2461K, capacity 2650K, committed 2688K, reserved 1048576K
}

